#
# There is insufficient memory for the Java Runtime Environment to continue.
# Native memory allocation (mmap) failed to map 4161536 bytes for Failed to commit area from 0x00000159280b0000 to 0x00000159284a8000 of length 4161536.
# Possible reasons:
#   The system is out of physical RAM or swap space
#   The process is running with CompressedOops enabled, and the Java Heap may be blocking the growth of the native heap
# Possible solutions:
#   Reduce memory load on the system
#   Increase physical memory or swap space
#   Check if swap backing store is full
#   Decrease Java heap size (-Xmx/-Xms)
#   Decrease number of Java threads
#   Decrease Java thread stack sizes (-Xss)
#   Set larger code cache with -XX:ReservedCodeCacheSize=
# This output file may be truncated or incomplete.
#
#  Out of Memory Error (t:/workspace/open/src/hotspot/os/windows/os_windows.cpp:3254), pid=4268, tid=12880
#
# JRE version:  (12.0+32) (build )
# Java VM: OpenJDK 64-Bit Server VM (12+32, mixed mode, aot, sharing, tiered, compressed oops, g1 gc, windows-amd64)
# No core dump will be written. Minidumps are not enabled by default on client versions of Windows
#

---------------  S U M M A R Y ------------

Command Line: -javaagent:C:\Program Files\JetBrains\IntelliJ IDEA Community Edition 2020.1.2\lib\idea_rt.jar=53969:C:\Program Files\JetBrains\IntelliJ IDEA Community Edition 2020.1.2\bin -Dfile.encoding=UTF-8 SiteConnectors.Betfair.Betfair

Host: Intel(R) Core(TM) i5-4670K CPU @ 3.40GHz, 4 cores, 15G,  Windows 10 , 64 bit Build 18362 (10.0.18362.1110)
Time: Thu Jan  7 13:36:46 2021 GMT Standard Time elapsed time: 0 seconds (0d 0h 0m 0s)

---------------  T H R E A D  ---------------

Current thread (0x000001590b56c000):  JavaThread "Unknown thread" [_thread_in_vm, id=12880, stack(0x0000001887100000,0x0000001887200000)]

Stack: [0x0000001887100000,0x0000001887200000]
Native frames: (J=compiled Java code, j=interpreted, Vv=VM code, C=native code)
V  [jvm.dll+0x63915a]
V  [jvm.dll+0x78b0af]
V  [jvm.dll+0x78c751]
V  [jvm.dll+0x78cda3]
V  [jvm.dll+0x261f68]
V  [jvm.dll+0x63665a]
V  [jvm.dll+0x62b1d5]
V  [jvm.dll+0x31d8bc]
V  [jvm.dll+0x31d6ef]
V  [jvm.dll+0x323426]
V  [jvm.dll+0x370eff]
V  [jvm.dll+0x3706b0]
V  [jvm.dll+0x2f76ea]
V  [jvm.dll+0x2f8972]
V  [jvm.dll+0x765457]
V  [jvm.dll+0x766b35]
V  [jvm.dll+0x37efa9]
V  [jvm.dll+0x7497b4]
V  [jvm.dll+0x3ee32d]
V  [jvm.dll+0x3f01d1]
C  [jli.dll+0x51cf]
C  [ucrtbase.dll+0x210b2]
C  [KERNEL32.DLL+0x17c24]
C  [ntdll.dll+0x6d4d1]


---------------  P R O C E S S  ---------------

Threads class SMR info:
_java_thread_list=0x00007ffa32d646e8, length=0, elements={
}

Java Threads: ( => current thread )

Other Threads:
  0x000001590b5d1800 GCTaskThread "GC Thread#0" [stack: 0x0000001887200000,0x0000001887300000] [id=11656]
  0x000001590b5ec000 ConcurrentGCThread "G1 Main Marker" [stack: 0x0000001887300000,0x0000001887400000] [id=14376]
  0x000001590b5ef800 ConcurrentGCThread "G1 Conc#0" [stack: 0x0000001887400000,0x0000001887500000] [id=11540]

[error occurred during error reporting (printing all threads), id 0xc0000005, EXCEPTION_ACCESS_VIOLATION (0xc0000005) at pc=0x00007ffa32597957]

VM state:not at safepoint (not fully initialized)

VM Mutex/Monitor currently owned by a thread:  ([mutex/lock_event])
[0x000001590b568930] Heap_lock - owner thread: 0x000001590b56c000

Heap address: 0x0000000702000000, size: 4064 MB, Compressed Oops mode: Non-zero based: 0x0000000702000000
Narrow klass base: 0x0000000000000000, Narrow klass shift: 0

GC Heap History (0 events):
No events

Deoptimization events (0 events):
No events

Classes redefined (0 events):
No events

Internal exceptions (0 events):
No events

Events (0 events):
No events


Dynamic libraries:
0x00007ff7d0860000 - 0x00007ff7d086d000 	C:\Program Files\jdk-12\bin\java.exe
0x00007ffa71c20000 - 0x00007ffa71e10000 	C:\WINDOWS\SYSTEM32\ntdll.dll
0x00007ffa701c0000 - 0x00007ffa70272000 	C:\WINDOWS\System32\KERNEL32.DLL
0x00007ffa6f4d0000 - 0x00007ffa6f775000 	C:\WINDOWS\System32\KERNELBASE.dll
0x00007ffa6f7b0000 - 0x00007ffa6f8aa000 	C:\WINDOWS\System32\ucrtbase.dll
0x00007ffa6b090000 - 0x00007ffa6b0a7000 	C:\Program Files\jdk-12\bin\jli.dll
0x00007ffa716e0000 - 0x00007ffa71874000 	C:\WINDOWS\System32\USER32.dll
0x00007ffa6f4a0000 - 0x00007ffa6f4c1000 	C:\WINDOWS\System32\win32u.dll
0x00007ffa71a50000 - 0x00007ffa71a76000 	C:\WINDOWS\System32\GDI32.dll
0x00007ffa6fa80000 - 0x00007ffa6fc16000 	C:\WINDOWS\System32\gdi32full.dll
0x00007ffa6f400000 - 0x00007ffa6f49e000 	C:\WINDOWS\System32\msvcp_win.dll
0x00007ffa5f1e0000 - 0x00007ffa5f464000 	C:\WINDOWS\WinSxS\amd64_microsoft.windows.common-controls_6595b64144ccf1df_6.0.18362.1256_none_9e7e379be45e40e2\COMCTL32.dll
0x00007ffa6ff00000 - 0x00007ffa6ff9e000 	C:\WINDOWS\System32\msvcrt.dll
0x00007ffa70c80000 - 0x00007ffa70fb6000 	C:\WINDOWS\System32\combase.dll
0x00007ffa703f0000 - 0x00007ffa70510000 	C:\WINDOWS\System32\RPCRT4.dll
0x00007ffa6b070000 - 0x00007ffa6b086000 	C:\Program Files\jdk-12\bin\VCRUNTIME140.dll
0x00007ffa6eb90000 - 0x00007ffa6ec11000 	C:\WINDOWS\System32\bcryptPrimitives.dll
0x00007ffa70fc0000 - 0x00007ffa70fee000 	C:\WINDOWS\System32\IMM32.DLL
0x00007ffa4ee40000 - 0x00007ffa4eeea000 	C:\Program Files\jdk-12\bin\msvcp140.dll
0x00007ffa32290000 - 0x00007ffa32e04000 	C:\Program Files\jdk-12\bin\server\jvm.dll
0x00007ffa71a80000 - 0x00007ffa71b23000 	C:\WINDOWS\System32\ADVAPI32.dll
0x00007ffa70280000 - 0x00007ffa70317000 	C:\WINDOWS\System32\sechost.dll
0x00007ffa6fd30000 - 0x00007ffa6fd38000 	C:\WINDOWS\System32\PSAPI.DLL
0x00007ffa68ab0000 - 0x00007ffa68ab9000 	C:\WINDOWS\SYSTEM32\WSOCK32.dll
0x00007ffa6c760000 - 0x00007ffa6c784000 	C:\WINDOWS\SYSTEM32\WINMM.dll
0x00007ffa719e0000 - 0x00007ffa71a4f000 	C:\WINDOWS\System32\WS2_32.dll
0x00007ffa68090000 - 0x00007ffa6809a000 	C:\WINDOWS\SYSTEM32\VERSION.dll
0x00007ffa6c1e0000 - 0x00007ffa6c20d000 	C:\WINDOWS\SYSTEM32\WINMMBASE.dll
0x00007ffa6ec20000 - 0x00007ffa6ec6a000 	C:\WINDOWS\System32\cfgmgr32.dll
0x00007ffa6eb20000 - 0x00007ffa6eb31000 	C:\WINDOWS\System32\kernel.appcore.dll
0x00007ffa6b050000 - 0x00007ffa6b061000 	C:\Program Files\jdk-12\bin\verify.dll
0x00007ffa6d480000 - 0x00007ffa6d674000 	C:\WINDOWS\SYSTEM32\DBGHELP.DLL
0x00007ffa5b790000 - 0x00007ffa5b7ba000 	C:\WINDOWS\SYSTEM32\dbgcore.DLL
0x00007ffa68b90000 - 0x00007ffa68bb6000 	C:\Program Files\jdk-12\bin\java.dll
0x00007ffa6b040000 - 0x00007ffa6b04e000 	C:\Program Files\jdk-12\bin\instrument.dll
0x00007ffa68b00000 - 0x00007ffa68b17000 	C:\Program Files\jdk-12\bin\zip.dll
0x00007ffa6b000000 - 0x00007ffa6b00a000 	C:\Program Files\jdk-12\bin\jimage.dll

dbghelp: loaded successfully - version: 4.0.5 - missing functions: none
symbol engine: initialized successfully - sym options: 0x614 - pdb path: .;C:\Program Files\jdk-12\bin;C:\WINDOWS\SYSTEM32;C:\WINDOWS\WinSxS\amd64_microsoft.windows.common-controls_6595b64144ccf1df_6.0.18362.1256_none_9e7e379be45e40e2;C:\Program Files\jdk-12\bin\server

VM Arguments:
jvm_args: -javaagent:C:\Program Files\JetBrains\IntelliJ IDEA Community Edition 2020.1.2\lib\idea_rt.jar=53969:C:\Program Files\JetBrains\IntelliJ IDEA Community Edition 2020.1.2\bin -Dfile.encoding=UTF-8 
java_command: SiteConnectors.Betfair.Betfair
java_class_path (initial): B:\GoogleDrive\Work\Programming\SportTrader\target\classes;C:\Users\saman\.m2\repository\com\google\code\gson\gson\2.8.5\gson-2.8.5.jar;C:\Users\saman\.m2\repository\com\googlecode\json-simple\json-simple\1.1.1\json-simple-1.1.1.jar;C:\Users\saman\.m2\repository\junit\junit\4.10\junit-4.10.jar;C:\Users\saman\.m2\repository\org\hamcrest\hamcrest-core\1.1\hamcrest-core-1.1.jar;C:\Users\saman\.m2\repository\org\apache\httpcomponents\httpclient\4.5.12\httpclient-4.5.12.jar;C:\Users\saman\.m2\repository\org\apache\httpcomponents\httpcore\4.4.13\httpcore-4.4.13.jar;C:\Users\saman\.m2\repository\commons-logging\commons-logging\1.2\commons-logging-1.2.jar;C:\Users\saman\.m2\repository\commons-codec\commons-codec\1.11\commons-codec-1.11.jar;C:\Users\saman\.m2\repository\org\jsoup\jsoup\1.12.1\jsoup-1.12.1.jar;C:\Users\saman\.m2\repository\javax\activation\activation\1.1.1\activation-1.1.1.jar;C:\Users\saman\.m2\repository\javax\xml\bind\jaxb-api\2.4.0-b180830.0359\jaxb-api-2.4.0-b180830.0359.jar;C:\Users\saman\.m2\repository\javax\activation\javax.activation-api\1.2.0\javax.activation-api-1.2.0.jar;C:\Users\saman\.m2\repository\org\glassfish\jaxb\jaxb-runtime\2.4.0-b180830.0438\jaxb-runtime-2.4.0-b180830.0438.jar;C:\Users\saman\.m2\repository\org\glassfish\jaxb\txw2\2.4.0-b180830.0438\txw2-2.4.0-b180830.0438.jar;C:\Users\saman\.m2\repository\com\sun\istack\istack-commons-runtime\3.0.7\istack-commons-runtime-3.0.7.jar;C:\Users\saman\.m2\repository\org\jvnet\staxex\stax-ex\1.8\stax-ex-1.8.jar;C:\Users\saman\.m2\repository\com\sun\xml\fastinfoset\FastInfoset\1.2.15\FastInfoset-1.2.15.jar;C:\Users\saman\.m2\repository\net\sourceforge\tess4j\tess4j\3.2.1\tess4j-3.2.1.jar;C:\Users\saman\.m2\repository\net\java\dev\jna\jna\4.1.0\jna-4.1.0.jar;C:\Users\saman\.m2\repository\com\github\jai-imageio\jai-imageio-core\1.3.1\jai-imageio-core-1.3.1.jar;C:\Users\saman\.m2\repository\org\ghost4j\ghost4j\1.0.1\ghost4j-1.0.1.jar;C:\Users\saman\.m2\repository\log4j\l
Launcher Type: SUN_STANDARD

[Global flags]
     intx CICompilerCount                          = 3                                         {product} {ergonomic}
     uint ConcGCThreads                            = 1                                         {product} {ergonomic}
     uint G1ConcRefinementThreads                  = 4                                         {product} {ergonomic}
   size_t G1HeapRegionSize                         = 1048576                                   {product} {ergonomic}
    uintx GCDrainStackTargetSize                   = 64                                        {product} {ergonomic}
   size_t InitialHeapSize                          = 266338304                                 {product} {ergonomic}
   size_t MarkStackSize                            = 4194304                                   {product} {ergonomic}
   size_t MaxHeapSize                              = 4261412864                                {product} {ergonomic}
   size_t MinHeapDeltaBytes                        = 1048576                                   {product} {ergonomic}
    uintx NonNMethodCodeHeapSize                   = 5830732                                {pd product} {ergonomic}
    uintx NonProfiledCodeHeapSize                  = 122913754                              {pd product} {ergonomic}
    uintx ProfiledCodeHeapSize                     = 122913754                              {pd product} {ergonomic}
    uintx ReservedCodeCacheSize                    = 251658240                              {pd product} {ergonomic}
     bool SegmentedCodeCache                       = true                                      {product} {ergonomic}
     bool UseCompressedClassPointers               = true                                 {lp64_product} {ergonomic}
     bool UseCompressedOops                        = true                                 {lp64_product} {ergonomic}
     bool UseG1GC                                  = true                                      {product} {ergonomic}
     bool UseLargePagesIndividualAllocation        = false                                  {pd product} {ergonomic}

Logging:
Log output configuration:
 #0: stdout all=warning uptime,level,tags
 #1: stderr all=off uptime,level,tags

Environment Variables:
PATH=C:\Program Files (x86)\Common Files\Oracle\Java\javapath;C:\WINDOWS\system32;C:\WINDOWS;C:\WINDOWS\System32\Wbem;C:\WINDOWS\System32\WindowsPowerShell\v1.0\;C:\WINDOWS\System32\OpenSSH\;C:\Program Files (x86)\NVIDIA Corporation\PhysX\Common;C:\Program Files\Git\cmd;C:\Program Files\PuTTY\;C:\Program Files\NVIDIA Corporation\NVIDIA NvDLISR;C:\Users\saman\AppData\Local\Programs\Python\Python37\Scripts\;C:\Users\saman\AppData\Local\Programs\Python\Python37\;C:\Users\saman\miniconda3;C:\Users\saman\miniconda3\Library\mingw-w64\bin;C:\Users\saman\miniconda3\Library\usr\bin;C:\Users\saman\miniconda3\Library\bin;C:\Users\saman\miniconda3\Scripts;C:\Users\saman\AppData\Local\Programs\Python\Python36\Scripts\;C:\Users\saman\AppData\Local\Programs\Python\Python36\;C:\Users\saman\AppData\Local\Microsoft\WindowsApps
USERNAME=saman
OS=Windows_NT
PROCESSOR_IDENTIFIER=Intel64 Family 6 Model 60 Stepping 3, GenuineIntel



---------------  S Y S T E M  ---------------

OS: Windows 10 , 64 bit Build 18362 (10.0.18362.1110)

CPU:total 4 (initial active 4) (4 cores per cpu, 1 threads per core) family 6 model 60 stepping 3, cmov, cx8, fxsr, mmx, sse, sse2, sse3, ssse3, sse4.1, sse4.2, popcnt, avx, avx2, aes, clmul, erms, lzcnt, tsc, tscinvbit, bmi1, bmi2, fma

Memory: 4k page, system-wide physical 16254M (2764M free)
TotalPageFile size 30274M (AvailPageFile size 6M)
current process WorkingSet (physical memory assigned to process): 10M, peak: 10M
current process commit charge ("private bytes"): 310M, peak: 314M

vm_info: OpenJDK 64-Bit Server VM (12+32) for windows-amd64 JRE (12+32), built on Feb 14 2019 05:18:05 by "mach5one" with MS VC++ 15.5 (VS2017)

END.
